[30-May-2023 10:51:50 Europe/Berlin] PHP Fatal error:  Uncaught Symfony\Component\DependencyInjection\Exception\InvalidArgumentException: Expected to find class "App\DataFixtures\AppFixturesSave" in file "/homepages/26/d935996707/htdocs/src/DataFixtures/AppFixturesSave.php" while importing services from resource "../src/", but it was not found! Check the namespace prefix used with the resource. in /homepages/26/d935996707/htdocs/vendor/symfony/dependency-injection/Loader/FileLoader.php:230
Stack trace:
#0 /homepages/26/d935996707/htdocs/vendor/symfony/dependency-injection/Loader/FileLoader.php(113): Symfony\Component\DependencyInjection\Loader\FileLoader->findClasses()
#1 /homepages/26/d935996707/htdocs/vendor/symfony/dependency-injection/Loader/YamlFileLoader.php(677): Symfony\Component\DependencyInjection\Loader\FileLoader->registerClasses()
#2 /homepages/26/d935996707/htdocs/vendor/symfony/dependency-injection/Loader/YamlFileLoader.php(250): Symfony\Component\DependencyInjection\Loader\YamlFileLoader->parseDefinition()
#3 /homepages/26/d935996707/htdocs/vendor/symfony/dependency-injection/Loader/YamlFileLoader.php(173): Symfony\Component\DependencyInjection\Loader\YamlFileLoader->parseDefinitions()
#4 /homepages/26/d935996707/htdocs/vendor/symfony/dependency-injection/Loader/YamlFileLoader.php(129): Symfony\Component\DependencyInjection\Loader\YamlFileLoader->loadContent()
#5 /homepages/26/d935996707/htdocs/vendor/symfony/config/Loader/FileLoader.php(163): Symfony\Component\DependencyInjection\Loader\YamlFileLoader->load()
#6 /homepages/26/d935996707/htdocs/vendor/symfony/config/Loader/FileLoader.php(94): Symfony\Component\Config\Loader\FileLoader->doImport()
#7 /homepages/26/d935996707/htdocs/vendor/symfony/dependency-injection/Loader/FileLoader.php(64): Symfony\Component\Config\Loader\FileLoader->import()
#8 /homepages/26/d935996707/htdocs/vendor/symfony/dependency-injection/Loader/Configurator/ContainerConfigurator.php(64): Symfony\Component\DependencyInjection\Loader\FileLoader->import()
#9 /homepages/26/d935996707/htdocs/vendor/symfony/framework-bundle/Kernel/MicroKernelTrait.php(57): Symfony\Component\DependencyInjection\Loader\Configurator\ContainerConfigurator->import()
#10 /homepages/26/d935996707/htdocs/vendor/symfony/framework-bundle/Kernel/MicroKernelTrait.php(179): App\Kernel->configureContainer()
#11 /homepages/26/d935996707/htdocs/vendor/symfony/dependency-injection/Loader/ClosureLoader.php(36): App\Kernel->Symfony\Bundle\FrameworkBundle\Kernel\{closure}()
#12 /homepages/26/d935996707/htdocs/vendor/symfony/config/Loader/DelegatingLoader.php(37): Symfony\Component\DependencyInjection\Loader\ClosureLoader->load()
#13 /homepages/26/d935996707/htdocs/vendor/symfony/framework-bundle/Kernel/MicroKernelTrait.php(187): Symfony\Component\Config\Loader\DelegatingLoader->load()
#14 /homepages/26/d935996707/htdocs/vendor/symfony/http-kernel/Kernel.php(585): App\Kernel->registerContainerConfiguration()
#15 /homepages/26/d935996707/htdocs/vendor/symfony/http-kernel/Kernel.php(486): Symfony\Component\HttpKernel\Kernel->buildContainer()
#16 /homepages/26/d935996707/htdocs/vendor/symfony/http-kernel/Kernel.php(709): Symfony\Component\HttpKernel\Kernel->initializeContainer()
#17 /homepages/26/d935996707/htdocs/vendor/symfony/http-kernel/Kernel.php(172): Symfony\Component\HttpKernel\Kernel->preBoot()
#18 /homepages/26/d935996707/htdocs/vendor/symfony/runtime/Runner/Symfony/HttpKernelRunner.php(35): Symfony\Component\HttpKernel\Kernel->handle()
#19 /homepages/26/d935996707/htdocs/vendor/autoload_runtime.php(29): Symfony\Component\Runtime\Runner\Symfony\HttpKernelRunner->run()
#20 /homepages/26/d935996707/htdocs/public/index.php(4): require_once('/homepages/26/d...')
#21 {main}

Next Symfony\Component\Config\Exception\LoaderLoadException: Expected to find class "App\DataFixtures\AppFixturesSave" in file "/homepages/26/d935996707/htdocs/src/DataFixtures/AppFixturesSave.php" while importing services from resource "../src/", but it was not found! Check the namespace prefix used with the resource in /homepages/26/d935996707/htdocs/config/services.yaml (which is being imported from "/homepages/26/d935996707/htdocs/src/Kernel.php"). in /homepages/26/d935996707/htdocs/vendor/symfony/config/Loader/FileLoader.php:178
Stack trace:
#0 /homepages/26/d935996707/htdocs/vendor/symfony/config/Loader/FileLoader.php(94): Symfony\Component\Config\Loader\FileLoader->doImport()
#1 /homepages/26/d935996707/htdocs/vendor/symfony/dependency-injection/Loader/FileLoader.php(64): Symfony\Component\Config\Loader\FileLoader->import()
#2 /homepages/26/d935996707/htdocs/vendor/symfony/dependency-injection/Loader/Configurator/ContainerConfigurator.php(64): Symfony\Component\DependencyInjection\Loader\FileLoader->import()
#3 /homepages/26/d935996707/htdocs/vendor/symfony/framework-bundle/Kernel/MicroKernelTrait.php(57): Symfony\Component\DependencyInjection\Loader\Configurator\ContainerConfigurator->import()
#4 /homepages/26/d935996707/htdocs/vendor/symfony/framework-bundle/Kernel/MicroKernelTrait.php(179): App\Kernel->configureContainer()
#5 /homepages/26/d935996707/htdocs/vendor/symfony/dependency-injection/Loader/ClosureLoader.php(36): App\Kernel->Symfony\Bundle\FrameworkBundle\Kernel\{closure}()
#6 /homepages/26/d935996707/htdocs/vendor/symfony/config/Loader/DelegatingLoader.php(37): Symfony\Component\DependencyInjection\Loader\ClosureLoader->load()
#7 /homepages/26/d935996707/htdocs/vendor/symfony/framework-bundle/Kernel/MicroKernelTrait.php(187): Symfony\Component\Config\Loader\DelegatingLoader->load()
#8 /homepages/26/d935996707/htdocs/vendor/symfony/http-kernel/Kernel.php(585): App\Kernel->registerContainerConfiguration()
#9 /homepages/26/d935996707/htdocs/vendor/symfony/http-kernel/Kernel.php(486): Symfony\Component\HttpKernel\Kernel->buildContainer()
#10 /homepages/26/d935996707/htdocs/vendor/symfony/http-kernel/Kernel.php(709): Symfony\Component\HttpKernel\Kernel->initializeContainer()
#11 /homepages/26/d935996707/htdocs/vendor/symfony/http-kernel/Kernel.php(172): Symfony\Component\HttpKernel\Kernel->preBoot()
#12 /homepages/26/d935996707/htdocs/vendor/symfony/runtime/Runner/Symfony/HttpKernelRunner.php(35): Symfony\Component\HttpKernel\Kernel->handle()
#13 /homepages/26/d935996707/htdocs/vendor/autoload_runtime.php(29): Symfony\Component\Runtime\Runner\Symfony\HttpKernelRunner->run()
#14 /homepages/26/d935996707/htdocs/public/index.php(4): require_once('/homepages/26/d...')
#15 {main}
  thrown in /homepages/26/d935996707/htdocs/vendor/symfony/config/Loader/FileLoader.php on line 178
[30-May-2023 10:51:51 Europe/Berlin] PHP Fatal error:  Uncaught Symfony\Component\DependencyInjection\Exception\InvalidArgumentException: Expected to find class "App\DataFixtures\AppFixturesSave" in file "/homepages/26/d935996707/htdocs/src/DataFixtures/AppFixturesSave.php" while importing services from resource "../src/", but it was not found! Check the namespace prefix used with the resource. in /homepages/26/d935996707/htdocs/vendor/symfony/dependency-injection/Loader/FileLoader.php:230
Stack trace:
#0 /homepages/26/d935996707/htdocs/vendor/symfony/dependency-injection/Loader/FileLoader.php(113): Symfony\Component\DependencyInjection\Loader\FileLoader->findClasses()
#1 /homepages/26/d935996707/htdocs/vendor/symfony/dependency-injection/Loader/YamlFileLoader.php(677): Symfony\Component\DependencyInjection\Loader\FileLoader->registerClasses()
#2 /homepages/26/d935996707/htdocs/vendor/symfony/dependency-injection/Loader/YamlFileLoader.php(250): Symfony\Component\DependencyInjection\Loader\YamlFileLoader->parseDefinition()
#3 /homepages/26/d935996707/htdocs/vendor/symfony/dependency-injection/Loader/YamlFileLoader.php(173): Symfony\Component\DependencyInjection\Loader\YamlFileLoader->parseDefinitions()
#4 /homepages/26/d935996707/htdocs/vendor/symfony/dependency-injection/Loader/YamlFileLoader.php(129): Symfony\Component\DependencyInjection\Loader\YamlFileLoader->loadContent()
#5 /homepages/26/d935996707/htdocs/vendor/symfony/config/Loader/FileLoader.php(163): Symfony\Component\DependencyInjection\Loader\YamlFileLoader->load()
#6 /homepages/26/d935996707/htdocs/vendor/symfony/config/Loader/FileLoader.php(94): Symfony\Component\Config\Loader\FileLoader->doImport()
#7 /homepages/26/d935996707/htdocs/vendor/symfony/dependency-injection/Loader/FileLoader.php(64): Symfony\Component\Config\Loader\FileLoader->import()
#8 /homepages/26/d935996707/htdocs/vendor/symfony/dependency-injection/Loader/Configurator/ContainerConfigurator.php(64): Symfony\Component\DependencyInjection\Loader\FileLoader->import()
#9 /homepages/26/d935996707/htdocs/vendor/symfony/framework-bundle/Kernel/MicroKernelTrait.php(57): Symfony\Component\DependencyInjection\Loader\Configurator\ContainerConfigurator->import()
#10 /homepages/26/d935996707/htdocs/vendor/symfony/framework-bundle/Kernel/MicroKernelTrait.php(179): App\Kernel->configureContainer()
#11 /homepages/26/d935996707/htdocs/vendor/symfony/dependency-injection/Loader/ClosureLoader.php(36): App\Kernel->Symfony\Bundle\FrameworkBundle\Kernel\{closure}()
#12 /homepages/26/d935996707/htdocs/vendor/symfony/config/Loader/DelegatingLoader.php(37): Symfony\Component\DependencyInjection\Loader\ClosureLoader->load()
#13 /homepages/26/d935996707/htdocs/vendor/symfony/framework-bundle/Kernel/MicroKernelTrait.php(187): Symfony\Component\Config\Loader\DelegatingLoader->load()
#14 /homepages/26/d935996707/htdocs/vendor/symfony/http-kernel/Kernel.php(585): App\Kernel->registerContainerConfiguration()
#15 /homepages/26/d935996707/htdocs/vendor/symfony/http-kernel/Kernel.php(486): Symfony\Component\HttpKernel\Kernel->buildContainer()
#16 /homepages/26/d935996707/htdocs/vendor/symfony/http-kernel/Kernel.php(709): Symfony\Component\HttpKernel\Kernel->initializeContainer()
#17 /homepages/26/d935996707/htdocs/vendor/symfony/http-kernel/Kernel.php(172): Symfony\Component\HttpKernel\Kernel->preBoot()
#18 /homepages/26/d935996707/htdocs/vendor/symfony/runtime/Runner/Symfony/HttpKernelRunner.php(35): Symfony\Component\HttpKernel\Kernel->handle()
#19 /homepages/26/d935996707/htdocs/vendor/autoload_runtime.php(29): Symfony\Component\Runtime\Runner\Symfony\HttpKernelRunner->run()
#20 /homepages/26/d935996707/htdocs/public/index.php(4): require_once('/homepages/26/d...')
#21 {main}

Next Symfony\Component\Config\Exception\LoaderLoadException: Expected to find class "App\DataFixtures\AppFixturesSave" in file "/homepages/26/d935996707/htdocs/src/DataFixtures/AppFixturesSave.php" while importing services from resource "../src/", but it was not found! Check the namespace prefix used with the resource in /homepages/26/d935996707/htdocs/config/services.yaml (which is being imported from "/homepages/26/d935996707/htdocs/src/Kernel.php"). in /homepages/26/d935996707/htdocs/vendor/symfony/config/Loader/FileLoader.php:178
Stack trace:
#0 /homepages/26/d935996707/htdocs/vendor/symfony/config/Loader/FileLoader.php(94): Symfony\Component\Config\Loader\FileLoader->doImport()
#1 /homepages/26/d935996707/htdocs/vendor/symfony/dependency-injection/Loader/FileLoader.php(64): Symfony\Component\Config\Loader\FileLoader->import()
#2 /homepages/26/d935996707/htdocs/vendor/symfony/dependency-injection/Loader/Configurator/ContainerConfigurator.php(64): Symfony\Component\DependencyInjection\Loader\FileLoader->import()
#3 /homepages/26/d935996707/htdocs/vendor/symfony/framework-bundle/Kernel/MicroKernelTrait.php(57): Symfony\Component\DependencyInjection\Loader\Configurator\ContainerConfigurator->import()
#4 /homepages/26/d935996707/htdocs/vendor/symfony/framework-bundle/Kernel/MicroKernelTrait.php(179): App\Kernel->configureContainer()
#5 /homepages/26/d935996707/htdocs/vendor/symfony/dependency-injection/Loader/ClosureLoader.php(36): App\Kernel->Symfony\Bundle\FrameworkBundle\Kernel\{closure}()
#6 /homepages/26/d935996707/htdocs/vendor/symfony/config/Loader/DelegatingLoader.php(37): Symfony\Component\DependencyInjection\Loader\ClosureLoader->load()
#7 /homepages/26/d935996707/htdocs/vendor/symfony/framework-bundle/Kernel/MicroKernelTrait.php(187): Symfony\Component\Config\Loader\DelegatingLoader->load()
#8 /homepages/26/d935996707/htdocs/vendor/symfony/http-kernel/Kernel.php(585): App\Kernel->registerContainerConfiguration()
#9 /homepages/26/d935996707/htdocs/vendor/symfony/http-kernel/Kernel.php(486): Symfony\Component\HttpKernel\Kernel->buildContainer()
#10 /homepages/26/d935996707/htdocs/vendor/symfony/http-kernel/Kernel.php(709): Symfony\Component\HttpKernel\Kernel->initializeContainer()
#11 /homepages/26/d935996707/htdocs/vendor/symfony/http-kernel/Kernel.php(172): Symfony\Component\HttpKernel\Kernel->preBoot()
#12 /homepages/26/d935996707/htdocs/vendor/symfony/runtime/Runner/Symfony/HttpKernelRunner.php(35): Symfony\Component\HttpKernel\Kernel->handle()
#13 /homepages/26/d935996707/htdocs/vendor/autoload_runtime.php(29): Symfony\Component\Runtime\Runner\Symfony\HttpKernelRunner->run()
#14 /homepages/26/d935996707/htdocs/public/index.php(4): require_once('/homepages/26/d...')
#15 {main}
  thrown in /homepages/26/d935996707/htdocs/vendor/symfony/config/Loader/FileLoader.php on line 178
[30-May-2023 10:51:52 Europe/Berlin] PHP Fatal error:  Uncaught Symfony\Component\DependencyInjection\Exception\InvalidArgumentException: Expected to find class "App\DataFixtures\AppFixturesSave" in file "/homepages/26/d935996707/htdocs/src/DataFixtures/AppFixturesSave.php" while importing services from resource "../src/", but it was not found! Check the namespace prefix used with the resource. in /homepages/26/d935996707/htdocs/vendor/symfony/dependency-injection/Loader/FileLoader.php:230
Stack trace:
#0 /homepages/26/d935996707/htdocs/vendor/symfony/dependency-injection/Loader/FileLoader.php(113): Symfony\Component\DependencyInjection\Loader\FileLoader->findClasses()
#1 /homepages/26/d935996707/htdocs/vendor/symfony/dependency-injection/Loader/YamlFileLoader.php(677): Symfony\Component\DependencyInjection\Loader\FileLoader->registerClasses()
#2 /homepages/26/d935996707/htdocs/vendor/symfony/dependency-injection/Loader/YamlFileLoader.php(250): Symfony\Component\DependencyInjection\Loader\YamlFileLoader->parseDefinition()
#3 /homepages/26/d935996707/htdocs/vendor/symfony/dependency-injection/Loader/YamlFileLoader.php(173): Symfony\Component\DependencyInjection\Loader\YamlFileLoader->parseDefinitions()
#4 /homepages/26/d935996707/htdocs/vendor/symfony/dependency-injection/Loader/YamlFileLoader.php(129): Symfony\Component\DependencyInjection\Loader\YamlFileLoader->loadContent()
#5 /homepages/26/d935996707/htdocs/vendor/symfony/config/Loader/FileLoader.php(163): Symfony\Component\DependencyInjection\Loader\YamlFileLoader->load()
#6 /homepages/26/d935996707/htdocs/vendor/symfony/config/Loader/FileLoader.php(94): Symfony\Component\Config\Loader\FileLoader->doImport()
#7 /homepages/26/d935996707/htdocs/vendor/symfony/dependency-injection/Loader/FileLoader.php(64): Symfony\Component\Config\Loader\FileLoader->import()
#8 /homepages/26/d935996707/htdocs/vendor/symfony/dependency-injection/Loader/Configurator/ContainerConfigurator.php(64): Symfony\Component\DependencyInjection\Loader\FileLoader->import()
#9 /homepages/26/d935996707/htdocs/vendor/symfony/framework-bundle/Kernel/MicroKernelTrait.php(57): Symfony\Component\DependencyInjection\Loader\Configurator\ContainerConfigurator->import()
#10 /homepages/26/d935996707/htdocs/vendor/symfony/framework-bundle/Kernel/MicroKernelTrait.php(179): App\Kernel->configureContainer()
#11 /homepages/26/d935996707/htdocs/vendor/symfony/dependency-injection/Loader/ClosureLoader.php(36): App\Kernel->Symfony\Bundle\FrameworkBundle\Kernel\{closure}()
#12 /homepages/26/d935996707/htdocs/vendor/symfony/config/Loader/DelegatingLoader.php(37): Symfony\Component\DependencyInjection\Loader\ClosureLoader->load()
#13 /homepages/26/d935996707/htdocs/vendor/symfony/framework-bundle/Kernel/MicroKernelTrait.php(187): Symfony\Component\Config\Loader\DelegatingLoader->load()
#14 /homepages/26/d935996707/htdocs/vendor/symfony/http-kernel/Kernel.php(585): App\Kernel->registerContainerConfiguration()
#15 /homepages/26/d935996707/htdocs/vendor/symfony/http-kernel/Kernel.php(486): Symfony\Component\HttpKernel\Kernel->buildContainer()
#16 /homepages/26/d935996707/htdocs/vendor/symfony/http-kernel/Kernel.php(709): Symfony\Component\HttpKernel\Kernel->initializeContainer()
#17 /homepages/26/d935996707/htdocs/vendor/symfony/http-kernel/Kernel.php(172): Symfony\Component\HttpKernel\Kernel->preBoot()
#18 /homepages/26/d935996707/htdocs/vendor/symfony/runtime/Runner/Symfony/HttpKernelRunner.php(35): Symfony\Component\HttpKernel\Kernel->handle()
#19 /homepages/26/d935996707/htdocs/vendor/autoload_runtime.php(29): Symfony\Component\Runtime\Runner\Symfony\HttpKernelRunner->run()
#20 /homepages/26/d935996707/htdocs/public/index.php(4): require_once('/homepages/26/d...')
#21 {main}

Next Symfony\Component\Config\Exception\LoaderLoadException: Expected to find class "App\DataFixtures\AppFixturesSave" in file "/homepages/26/d935996707/htdocs/src/DataFixtures/AppFixturesSave.php" while importing services from resource "../src/", but it was not found! Check the namespace prefix used with the resource in /homepages/26/d935996707/htdocs/config/services.yaml (which is being imported from "/homepages/26/d935996707/htdocs/src/Kernel.php"). in /homepages/26/d935996707/htdocs/vendor/symfony/config/Loader/FileLoader.php:178
Stack trace:
#0 /homepages/26/d935996707/htdocs/vendor/symfony/config/Loader/FileLoader.php(94): Symfony\Component\Config\Loader\FileLoader->doImport()
#1 /homepages/26/d935996707/htdocs/vendor/symfony/dependency-injection/Loader/FileLoader.php(64): Symfony\Component\Config\Loader\FileLoader->import()
#2 /homepages/26/d935996707/htdocs/vendor/symfony/dependency-injection/Loader/Configurator/ContainerConfigurator.php(64): Symfony\Component\DependencyInjection\Loader\FileLoader->import()
#3 /homepages/26/d935996707/htdocs/vendor/symfony/framework-bundle/Kernel/MicroKernelTrait.php(57): Symfony\Component\DependencyInjection\Loader\Configurator\ContainerConfigurator->import()
#4 /homepages/26/d935996707/htdocs/vendor/symfony/framework-bundle/Kernel/MicroKernelTrait.php(179): App\Kernel->configureContainer()
#5 /homepages/26/d935996707/htdocs/vendor/symfony/dependency-injection/Loader/ClosureLoader.php(36): App\Kernel->Symfony\Bundle\FrameworkBundle\Kernel\{closure}()
#6 /homepages/26/d935996707/htdocs/vendor/symfony/config/Loader/DelegatingLoader.php(37): Symfony\Component\DependencyInjection\Loader\ClosureLoader->load()
#7 /homepages/26/d935996707/htdocs/vendor/symfony/framework-bundle/Kernel/MicroKernelTrait.php(187): Symfony\Component\Config\Loader\DelegatingLoader->load()
#8 /homepages/26/d935996707/htdocs/vendor/symfony/http-kernel/Kernel.php(585): App\Kernel->registerContainerConfiguration()
#9 /homepages/26/d935996707/htdocs/vendor/symfony/http-kernel/Kernel.php(486): Symfony\Component\HttpKernel\Kernel->buildContainer()
#10 /homepages/26/d935996707/htdocs/vendor/symfony/http-kernel/Kernel.php(709): Symfony\Component\HttpKernel\Kernel->initializeContainer()
#11 /homepages/26/d935996707/htdocs/vendor/symfony/http-kernel/Kernel.php(172): Symfony\Component\HttpKernel\Kernel->preBoot()
#12 /homepages/26/d935996707/htdocs/vendor/symfony/runtime/Runner/Symfony/HttpKernelRunner.php(35): Symfony\Component\HttpKernel\Kernel->handle()
#13 /homepages/26/d935996707/htdocs/vendor/autoload_runtime.php(29): Symfony\Component\Runtime\Runner\Symfony\HttpKernelRunner->run()
#14 /homepages/26/d935996707/htdocs/public/index.php(4): require_once('/homepages/26/d...')
#15 {main}
  thrown in /homepages/26/d935996707/htdocs/vendor/symfony/config/Loader/FileLoader.php on line 178
[30-May-2023 10:52:18 Europe/Berlin] PHP Fatal error:  Uncaught Symfony\Component\DependencyInjection\Exception\InvalidArgumentException: Expected to find class "App\DataFixtures\AppFixturesSave" in file "/homepages/26/d935996707/htdocs/src/DataFixtures/AppFixturesSave.php" while importing services from resource "../src/", but it was not found! Check the namespace prefix used with the resource. in /homepages/26/d935996707/htdocs/vendor/symfony/dependency-injection/Loader/FileLoader.php:230
Stack trace:
#0 /homepages/26/d935996707/htdocs/vendor/symfony/dependency-injection/Loader/FileLoader.php(113): Symfony\Component\DependencyInjection\Loader\FileLoader->findClasses()
#1 /homepages/26/d935996707/htdocs/vendor/symfony/dependency-injection/Loader/YamlFileLoader.php(677): Symfony\Component\DependencyInjection\Loader\FileLoader->registerClasses()
#2 /homepages/26/d935996707/htdocs/vendor/symfony/dependency-injection/Loader/YamlFileLoader.php(250): Symfony\Component\DependencyInjection\Loader\YamlFileLoader->parseDefinition()
#3 /homepages/26/d935996707/htdocs/vendor/symfony/dependency-injection/Loader/YamlFileLoader.php(173): Symfony\Component\DependencyInjection\Loader\YamlFileLoader->parseDefinitions()
#4 /homepages/26/d935996707/htdocs/vendor/symfony/dependency-injection/Loader/YamlFileLoader.php(129): Symfony\Component\DependencyInjection\Loader\YamlFileLoader->loadContent()
#5 /homepages/26/d935996707/htdocs/vendor/symfony/config/Loader/FileLoader.php(163): Symfony\Component\DependencyInjection\Loader\YamlFileLoader->load()
#6 /homepages/26/d935996707/htdocs/vendor/symfony/config/Loader/FileLoader.php(94): Symfony\Component\Config\Loader\FileLoader->doImport()
#7 /homepages/26/d935996707/htdocs/vendor/symfony/dependency-injection/Loader/FileLoader.php(64): Symfony\Component\Config\Loader\FileLoader->import()
#8 /homepages/26/d935996707/htdocs/vendor/symfony/dependency-injection/Loader/Configurator/ContainerConfigurator.php(64): Symfony\Component\DependencyInjection\Loader\FileLoader->import()
#9 /homepages/26/d935996707/htdocs/vendor/symfony/framework-bundle/Kernel/MicroKernelTrait.php(57): Symfony\Component\DependencyInjection\Loader\Configurator\ContainerConfigurator->import()
#10 /homepages/26/d935996707/htdocs/vendor/symfony/framework-bundle/Kernel/MicroKernelTrait.php(179): App\Kernel->configureContainer()
#11 /homepages/26/d935996707/htdocs/vendor/symfony/dependency-injection/Loader/ClosureLoader.php(36): App\Kernel->Symfony\Bundle\FrameworkBundle\Kernel\{closure}()
#12 /homepages/26/d935996707/htdocs/vendor/symfony/config/Loader/DelegatingLoader.php(37): Symfony\Component\DependencyInjection\Loader\ClosureLoader->load()
#13 /homepages/26/d935996707/htdocs/vendor/symfony/framework-bundle/Kernel/MicroKernelTrait.php(187): Symfony\Component\Config\Loader\DelegatingLoader->load()
#14 /homepages/26/d935996707/htdocs/vendor/symfony/http-kernel/Kernel.php(585): App\Kernel->registerContainerConfiguration()
#15 /homepages/26/d935996707/htdocs/vendor/symfony/http-kernel/Kernel.php(486): Symfony\Component\HttpKernel\Kernel->buildContainer()
#16 /homepages/26/d935996707/htdocs/vendor/symfony/http-kernel/Kernel.php(709): Symfony\Component\HttpKernel\Kernel->initializeContainer()
#17 /homepages/26/d935996707/htdocs/vendor/symfony/http-kernel/Kernel.php(172): Symfony\Component\HttpKernel\Kernel->preBoot()
#18 /homepages/26/d935996707/htdocs/vendor/symfony/runtime/Runner/Symfony/HttpKernelRunner.php(35): Symfony\Component\HttpKernel\Kernel->handle()
#19 /homepages/26/d935996707/htdocs/vendor/autoload_runtime.php(29): Symfony\Component\Runtime\Runner\Symfony\HttpKernelRunner->run()
#20 /homepages/26/d935996707/htdocs/public/index.php(4): require_once('/homepages/26/d...')
#21 {main}

Next Symfony\Component\Config\Exception\LoaderLoadException: Expected to find class "App\DataFixtures\AppFixturesSave" in file "/homepages/26/d935996707/htdocs/src/DataFixtures/AppFixturesSave.php" while importing services from resource "../src/", but it was not found! Check the namespace prefix used with the resource in /homepages/26/d935996707/htdocs/config/services.yaml (which is being imported from "/homepages/26/d935996707/htdocs/src/Kernel.php"). in /homepages/26/d935996707/htdocs/vendor/symfony/config/Loader/FileLoader.php:178
Stack trace:
#0 /homepages/26/d935996707/htdocs/vendor/symfony/config/Loader/FileLoader.php(94): Symfony\Component\Config\Loader\FileLoader->doImport()
#1 /homepages/26/d935996707/htdocs/vendor/symfony/dependency-injection/Loader/FileLoader.php(64): Symfony\Component\Config\Loader\FileLoader->import()
#2 /homepages/26/d935996707/htdocs/vendor/symfony/dependency-injection/Loader/Configurator/ContainerConfigurator.php(64): Symfony\Component\DependencyInjection\Loader\FileLoader->import()
#3 /homepages/26/d935996707/htdocs/vendor/symfony/framework-bundle/Kernel/MicroKernelTrait.php(57): Symfony\Component\DependencyInjection\Loader\Configurator\ContainerConfigurator->import()
#4 /homepages/26/d935996707/htdocs/vendor/symfony/framework-bundle/Kernel/MicroKernelTrait.php(179): App\Kernel->configureContainer()
#5 /homepages/26/d935996707/htdocs/vendor/symfony/dependency-injection/Loader/ClosureLoader.php(36): App\Kernel->Symfony\Bundle\FrameworkBundle\Kernel\{closure}()
#6 /homepages/26/d935996707/htdocs/vendor/symfony/config/Loader/DelegatingLoader.php(37): Symfony\Component\DependencyInjection\Loader\ClosureLoader->load()
#7 /homepages/26/d935996707/htdocs/vendor/symfony/framework-bundle/Kernel/MicroKernelTrait.php(187): Symfony\Component\Config\Loader\DelegatingLoader->load()
#8 /homepages/26/d935996707/htdocs/vendor/symfony/http-kernel/Kernel.php(585): App\Kernel->registerContainerConfiguration()
#9 /homepages/26/d935996707/htdocs/vendor/symfony/http-kernel/Kernel.php(486): Symfony\Component\HttpKernel\Kernel->buildContainer()
#10 /homepages/26/d935996707/htdocs/vendor/symfony/http-kernel/Kernel.php(709): Symfony\Component\HttpKernel\Kernel->initializeContainer()
#11 /homepages/26/d935996707/htdocs/vendor/symfony/http-kernel/Kernel.php(172): Symfony\Component\HttpKernel\Kernel->preBoot()
#12 /homepages/26/d935996707/htdocs/vendor/symfony/runtime/Runner/Symfony/HttpKernelRunner.php(35): Symfony\Component\HttpKernel\Kernel->handle()
#13 /homepages/26/d935996707/htdocs/vendor/autoload_runtime.php(29): Symfony\Component\Runtime\Runner\Symfony\HttpKernelRunner->run()
#14 /homepages/26/d935996707/htdocs/public/index.php(4): require_once('/homepages/26/d...')
#15 {main}
  thrown in /homepages/26/d935996707/htdocs/vendor/symfony/config/Loader/FileLoader.php on line 178
[30-May-2023 10:52:19 Europe/Berlin] PHP Fatal error:  Uncaught Symfony\Component\DependencyInjection\Exception\InvalidArgumentException: Expected to find class "App\DataFixtures\AppFixturesSave" in file "/homepages/26/d935996707/htdocs/src/DataFixtures/AppFixturesSave.php" while importing services from resource "../src/", but it was not found! Check the namespace prefix used with the resource. in /homepages/26/d935996707/htdocs/vendor/symfony/dependency-injection/Loader/FileLoader.php:230
Stack trace:
#0 /homepages/26/d935996707/htdocs/vendor/symfony/dependency-injection/Loader/FileLoader.php(113): Symfony\Component\DependencyInjection\Loader\FileLoader->findClasses()
#1 /homepages/26/d935996707/htdocs/vendor/symfony/dependency-injection/Loader/YamlFileLoader.php(677): Symfony\Component\DependencyInjection\Loader\FileLoader->registerClasses()
#2 /homepages/26/d935996707/htdocs/vendor/symfony/dependency-injection/Loader/YamlFileLoader.php(250): Symfony\Component\DependencyInjection\Loader\YamlFileLoader->parseDefinition()
#3 /homepages/26/d935996707/htdocs/vendor/symfony/dependency-injection/Loader/YamlFileLoader.php(173): Symfony\Component\DependencyInjection\Loader\YamlFileLoader->parseDefinitions()
#4 /homepages/26/d935996707/htdocs/vendor/symfony/dependency-injection/Loader/YamlFileLoader.php(129): Symfony\Component\DependencyInjection\Loader\YamlFileLoader->loadContent()
#5 /homepages/26/d935996707/htdocs/vendor/symfony/config/Loader/FileLoader.php(163): Symfony\Component\DependencyInjection\Loader\YamlFileLoader->load()
#6 /homepages/26/d935996707/htdocs/vendor/symfony/config/Loader/FileLoader.php(94): Symfony\Component\Config\Loader\FileLoader->doImport()
#7 /homepages/26/d935996707/htdocs/vendor/symfony/dependency-injection/Loader/FileLoader.php(64): Symfony\Component\Config\Loader\FileLoader->import()
#8 /homepages/26/d935996707/htdocs/vendor/symfony/dependency-injection/Loader/Configurator/ContainerConfigurator.php(64): Symfony\Component\DependencyInjection\Loader\FileLoader->import()
#9 /homepages/26/d935996707/htdocs/vendor/symfony/framework-bundle/Kernel/MicroKernelTrait.php(57): Symfony\Component\DependencyInjection\Loader\Configurator\ContainerConfigurator->import()
#10 /homepages/26/d935996707/htdocs/vendor/symfony/framework-bundle/Kernel/MicroKernelTrait.php(179): App\Kernel->configureContainer()
#11 /homepages/26/d935996707/htdocs/vendor/symfony/dependency-injection/Loader/ClosureLoader.php(36): App\Kernel->Symfony\Bundle\FrameworkBundle\Kernel\{closure}()
#12 /homepages/26/d935996707/htdocs/vendor/symfony/config/Loader/DelegatingLoader.php(37): Symfony\Component\DependencyInjection\Loader\ClosureLoader->load()
#13 /homepages/26/d935996707/htdocs/vendor/symfony/framework-bundle/Kernel/MicroKernelTrait.php(187): Symfony\Component\Config\Loader\DelegatingLoader->load()
#14 /homepages/26/d935996707/htdocs/vendor/symfony/http-kernel/Kernel.php(585): App\Kernel->registerContainerConfiguration()
#15 /homepages/26/d935996707/htdocs/vendor/symfony/http-kernel/Kernel.php(486): Symfony\Component\HttpKernel\Kernel->buildContainer()
#16 /homepages/26/d935996707/htdocs/vendor/symfony/http-kernel/Kernel.php(709): Symfony\Component\HttpKernel\Kernel->initializeContainer()
#17 /homepages/26/d935996707/htdocs/vendor/symfony/http-kernel/Kernel.php(172): Symfony\Component\HttpKernel\Kernel->preBoot()
#18 /homepages/26/d935996707/htdocs/vendor/symfony/runtime/Runner/Symfony/HttpKernelRunner.php(35): Symfony\Component\HttpKernel\Kernel->handle()
#19 /homepages/26/d935996707/htdocs/vendor/autoload_runtime.php(29): Symfony\Component\Runtime\Runner\Symfony\HttpKernelRunner->run()
#20 /homepages/26/d935996707/htdocs/public/index.php(4): require_once('/homepages/26/d...')
#21 {main}

Next Symfony\Component\Config\Exception\LoaderLoadException: Expected to find class "App\DataFixtures\AppFixturesSave" in file "/homepages/26/d935996707/htdocs/src/DataFixtures/AppFixturesSave.php" while importing services from resource "../src/", but it was not found! Check the namespace prefix used with the resource in /homepages/26/d935996707/htdocs/config/services.yaml (which is being imported from "/homepages/26/d935996707/htdocs/src/Kernel.php"). in /homepages/26/d935996707/htdocs/vendor/symfony/config/Loader/FileLoader.php:178
Stack trace:
#0 /homepages/26/d935996707/htdocs/vendor/symfony/config/Loader/FileLoader.php(94): Symfony\Component\Config\Loader\FileLoader->doImport()
#1 /homepages/26/d935996707/htdocs/vendor/symfony/dependency-injection/Loader/FileLoader.php(64): Symfony\Component\Config\Loader\FileLoader->import()
#2 /homepages/26/d935996707/htdocs/vendor/symfony/dependency-injection/Loader/Configurator/ContainerConfigurator.php(64): Symfony\Component\DependencyInjection\Loader\FileLoader->import()
#3 /homepages/26/d935996707/htdocs/vendor/symfony/framework-bundle/Kernel/MicroKernelTrait.php(57): Symfony\Component\DependencyInjection\Loader\Configurator\ContainerConfigurator->import()
#4 /homepages/26/d935996707/htdocs/vendor/symfony/framework-bundle/Kernel/MicroKernelTrait.php(179): App\Kernel->configureContainer()
#5 /homepages/26/d935996707/htdocs/vendor/symfony/dependency-injection/Loader/ClosureLoader.php(36): App\Kernel->Symfony\Bundle\FrameworkBundle\Kernel\{closure}()
#6 /homepages/26/d935996707/htdocs/vendor/symfony/config/Loader/DelegatingLoader.php(37): Symfony\Component\DependencyInjection\Loader\ClosureLoader->load()
#7 /homepages/26/d935996707/htdocs/vendor/symfony/framework-bundle/Kernel/MicroKernelTrait.php(187): Symfony\Component\Config\Loader\DelegatingLoader->load()
#8 /homepages/26/d935996707/htdocs/vendor/symfony/http-kernel/Kernel.php(585): App\Kernel->registerContainerConfiguration()
#9 /homepages/26/d935996707/htdocs/vendor/symfony/http-kernel/Kernel.php(486): Symfony\Component\HttpKernel\Kernel->buildContainer()
#10 /homepages/26/d935996707/htdocs/vendor/symfony/http-kernel/Kernel.php(709): Symfony\Component\HttpKernel\Kernel->initializeContainer()
#11 /homepages/26/d935996707/htdocs/vendor/symfony/http-kernel/Kernel.php(172): Symfony\Component\HttpKernel\Kernel->preBoot()
#12 /homepages/26/d935996707/htdocs/vendor/symfony/runtime/Runner/Symfony/HttpKernelRunner.php(35): Symfony\Component\HttpKernel\Kernel->handle()
#13 /homepages/26/d935996707/htdocs/vendor/autoload_runtime.php(29): Symfony\Component\Runtime\Runner\Symfony\HttpKernelRunner->run()
#14 /homepages/26/d935996707/htdocs/public/index.php(4): require_once('/homepages/26/d...')
#15 {main}
  thrown in /homepages/26/d935996707/htdocs/vendor/symfony/config/Loader/FileLoader.php on line 178
